c:\users\kush\desktop\game prototypes and projects\project_anomaly\project_anomaly\project_anomaly\project_anomaly\x64\debug\vc143.pdb
c:\users\kush\desktop\game prototypes and projects\project_anomaly\project_anomaly\project_anomaly\project_anomaly\x64\debug\vc143.idb
c:\users\kush\desktop\game prototypes and projects\project_anomaly\project_anomaly\project_anomaly\project_anomaly\x64\debug\common.obj
c:\users\kush\desktop\game prototypes and projects\project_anomaly\project_anomaly\project_anomaly\project_anomaly\x64\debug\main.obj
c:\users\kush\desktop\game prototypes and projects\project_anomaly\project_anomaly\project_anomaly\project_anomaly\x64\debug\lighting.obj
c:\users\kush\desktop\game prototypes and projects\project_anomaly\project_anomaly\project_anomaly\x64\debug\project_anomaly.exe
c:\users\kush\desktop\game prototypes and projects\project_anomaly\project_anomaly\project_anomaly\project_anomaly\x64\debug\project_anomaly.ilk
c:\users\kush\desktop\game prototypes and projects\project_anomaly\project_anomaly\project_anomaly\x64\debug\project_anomaly.pdb
c:\users\kush\desktop\game prototypes and projects\project_anomaly\project_anomaly\project_anomaly\project_anomaly\x64\debug\gfx_map.obj
c:\users\kush\desktop\game prototypes and projects\project_anomaly\project_anomaly\project_anomaly\project_anomaly\x64\debug\gfx_utils.obj
c:\users\kush\desktop\game prototypes and projects\project_anomaly\project_anomaly\project_anomaly\project_anomaly\x64\debug\sdl2_framerate.obj
c:\users\kush\desktop\game prototypes and projects\project_anomaly\project_anomaly\project_anomaly\project_anomaly\x64\debug\sdl2_gfxprimitives.obj
c:\users\kush\desktop\game prototypes and projects\project_anomaly\project_anomaly\project_anomaly\project_anomaly\x64\debug\sdl2_gfxprimitives2.obj
c:\users\kush\desktop\game prototypes and projects\project_anomaly\project_anomaly\project_anomaly\project_anomaly\x64\debug\sdl2_imagefilter.obj
c:\users\kush\desktop\game prototypes and projects\project_anomaly\project_anomaly\project_anomaly\project_anomaly\x64\debug\sdl2_rotozoom.obj
c:\users\kush\desktop\game prototypes and projects\project_anomaly\project_anomaly\project_anomaly\project_anomaly\x64\debug\project_anomaly.tlog\cl.command.1.tlog
c:\users\kush\desktop\game prototypes and projects\project_anomaly\project_anomaly\project_anomaly\project_anomaly\x64\debug\project_anomaly.tlog\cl.read.1.tlog
c:\users\kush\desktop\game prototypes and projects\project_anomaly\project_anomaly\project_anomaly\project_anomaly\x64\debug\project_anomaly.tlog\cl.write.1.tlog
c:\users\kush\desktop\game prototypes and projects\project_anomaly\project_anomaly\project_anomaly\project_anomaly\x64\debug\project_anomaly.tlog\link.command.1.tlog
c:\users\kush\desktop\game prototypes and projects\project_anomaly\project_anomaly\project_anomaly\project_anomaly\x64\debug\project_anomaly.tlog\link.read.1.tlog
c:\users\kush\desktop\game prototypes and projects\project_anomaly\project_anomaly\project_anomaly\project_anomaly\x64\debug\project_anomaly.tlog\link.write.1.tlog
